{"C:\\Data\\Code\\Express\\ECommerce-ExpressJs-Solution-main\\Express\\app.js": {"path":"C:\\Data\\Code\\Express\\ECommerce-ExpressJs-Solution-main\\Express\\app.js","statementMap":{"0":{"start":{"line":1,"column":18},"end":{"line":1,"column":40}},"1":{"start":{"line":2,"column":14},"end":{"line":2,"column":32}},"2":{"start":{"line":3,"column":11},"end":{"line":3,"column":26}},"3":{"start":{"line":4,"column":19},"end":{"line":4,"column":43}},"4":{"start":{"line":5,"column":13},"end":{"line":5,"column":30}},"5":{"start":{"line":6,"column":11},"end":{"line":6,"column":26}},"6":{"start":{"line":7,"column":20},"end":{"line":7,"column":51}},"7":{"start":{"line":8,"column":21},"end":{"line":8,"column":57}},"8":{"start":{"line":10,"column":10},"end":{"line":10,"column":19}},"9":{"start":{"line":12,"column":0},"end":{"line":12,"column":23}},"10":{"start":{"line":13,"column":0},"end":{"line":13,"column":24}},"11":{"start":{"line":14,"column":0},"end":{"line":14,"column":49}},"12":{"start":{"line":15,"column":0},"end":{"line":15,"column":24}},"13":{"start":{"line":16,"column":0},"end":{"line":16,"column":56}},"14":{"start":{"line":17,"column":0},"end":{"line":17,"column":16}},"15":{"start":{"line":20,"column":0},"end":{"line":20,"column":29}},"16":{"start":{"line":23,"column":0},"end":{"line":23,"column":22}},"17":{"start":{"line":25,"column":0},"end":{"line":25,"column":21}}},"fnMap":{},"branchMap":{},"s":{"0":3,"1":3,"2":3,"3":3,"4":3,"5":3,"6":3,"7":3,"8":3,"9":3,"10":3,"11":3,"12":3,"13":3,"14":3,"15":3,"16":3,"17":3},"f":{},"b":{},"_coverageSchema":"1a1c01bbd47fc00a2c39e90264f33305004495a9","hash":"b89b9977ed01735215f2ba50bc76fddcc93df21f"}
,"C:\\Data\\Code\\Express\\ECommerce-ExpressJs-Solution-main\\Express\\controllers\\hotelController.js": {"path":"C:\\Data\\Code\\Express\\ECommerce-ExpressJs-Solution-main\\Express\\controllers\\hotelController.js","statementMap":{"0":{"start":{"line":1,"column":14},"end":{"line":1,"column":40}},"1":{"start":{"line":4,"column":20},"end":{"line":17,"column":1}},"2":{"start":{"line":5,"column":4},"end":{"line":16,"column":5}},"3":{"start":{"line":6,"column":49},"end":{"line":6,"column":57}},"4":{"start":{"line":8,"column":22},"end":{"line":8,"column":65}},"5":{"start":{"line":11,"column":8},"end":{"line":11,"column":27}},"6":{"start":{"line":13,"column":8},"end":{"line":13,"column":78}},"7":{"start":{"line":15,"column":8},"end":{"line":15,"column":53}},"8":{"start":{"line":20,"column":21},"end":{"line":27,"column":1}},"9":{"start":{"line":21,"column":4},"end":{"line":26,"column":5}},"10":{"start":{"line":22,"column":23},"end":{"line":22,"column":41}},"11":{"start":{"line":23,"column":8},"end":{"line":23,"column":37}},"12":{"start":{"line":25,"column":8},"end":{"line":25,"column":53}},"13":{"start":{"line":30,"column":21},"end":{"line":40,"column":1}},"14":{"start":{"line":31,"column":4},"end":{"line":39,"column":5}},"15":{"start":{"line":32,"column":22},"end":{"line":32,"column":62}},"16":{"start":{"line":33,"column":8},"end":{"line":35,"column":9}},"17":{"start":{"line":34,"column":12},"end":{"line":34,"column":72}},"18":{"start":{"line":36,"column":8},"end":{"line":36,"column":36}},"19":{"start":{"line":38,"column":8},"end":{"line":38,"column":53}},"20":{"start":{"line":43,"column":20},"end":{"line":53,"column":1}},"21":{"start":{"line":44,"column":4},"end":{"line":52,"column":5}},"22":{"start":{"line":45,"column":22},"end":{"line":45,"column":71}},"23":{"start":{"line":46,"column":8},"end":{"line":48,"column":9}},"24":{"start":{"line":47,"column":12},"end":{"line":47,"column":72}},"25":{"start":{"line":49,"column":8},"end":{"line":49,"column":72}},"26":{"start":{"line":51,"column":8},"end":{"line":51,"column":53}},"27":{"start":{"line":55,"column":0},"end":{"line":60,"column":2}}},"fnMap":{"0":{"name":"(anonymous_0)","decl":{"start":{"line":4,"column":20},"end":{"line":4,"column":21}},"loc":{"start":{"line":4,"column":40},"end":{"line":17,"column":1}},"line":4},"1":{"name":"(anonymous_1)","decl":{"start":{"line":20,"column":21},"end":{"line":20,"column":22}},"loc":{"start":{"line":20,"column":41},"end":{"line":27,"column":1}},"line":20},"2":{"name":"(anonymous_2)","decl":{"start":{"line":30,"column":21},"end":{"line":30,"column":22}},"loc":{"start":{"line":30,"column":41},"end":{"line":40,"column":1}},"line":30},"3":{"name":"(anonymous_3)","decl":{"start":{"line":43,"column":20},"end":{"line":43,"column":21}},"loc":{"start":{"line":43,"column":40},"end":{"line":53,"column":1}},"line":43}},"branchMap":{"0":{"loc":{"start":{"line":33,"column":8},"end":{"line":35,"column":9}},"type":"if","locations":[{"start":{"line":33,"column":8},"end":{"line":35,"column":9}},{"start":{},"end":{}}],"line":33},"1":{"loc":{"start":{"line":46,"column":8},"end":{"line":48,"column":9}},"type":"if","locations":[{"start":{"line":46,"column":8},"end":{"line":48,"column":9}},{"start":{},"end":{}}],"line":46}},"s":{"0":3,"1":3,"2":2,"3":2,"4":2,"5":2,"6":2,"7":0,"8":3,"9":2,"10":2,"11":2,"12":0,"13":3,"14":4,"15":4,"16":4,"17":2,"18":2,"19":0,"20":3,"21":4,"22":4,"23":4,"24":2,"25":2,"26":0,"27":3},"f":{"0":2,"1":2,"2":4,"3":4},"b":{"0":[2,2],"1":[2,2]},"_coverageSchema":"1a1c01bbd47fc00a2c39e90264f33305004495a9","hash":"de997b39db38c7ef2775bba979b75aae2df9b1c6"}
,"C:\\Data\\Code\\Express\\ECommerce-ExpressJs-Solution-main\\Express\\middleware\\errorHandler.js": {"path":"C:\\Data\\Code\\Express\\ECommerce-ExpressJs-Solution-main\\Express\\middleware\\errorHandler.js","statementMap":{"0":{"start":{"line":1,"column":21},"end":{"line":6,"column":1}},"1":{"start":{"line":2,"column":4},"end":{"line":5,"column":7}},"2":{"start":{"line":8,"column":0},"end":{"line":8,"column":30}}},"fnMap":{"0":{"name":"(anonymous_0)","decl":{"start":{"line":1,"column":21},"end":{"line":1,"column":22}},"loc":{"start":{"line":1,"column":46},"end":{"line":6,"column":1}},"line":1}},"branchMap":{"0":{"loc":{"start":{"line":2,"column":15},"end":{"line":2,"column":32}},"type":"binary-expr","locations":[{"start":{"line":2,"column":15},"end":{"line":2,"column":25}},{"start":{"line":2,"column":29},"end":{"line":2,"column":32}}],"line":2},"1":{"loc":{"start":{"line":3,"column":17},"end":{"line":3,"column":54}},"type":"binary-expr","locations":[{"start":{"line":3,"column":17},"end":{"line":3,"column":28}},{"start":{"line":3,"column":32},"end":{"line":3,"column":54}}],"line":3},"2":{"loc":{"start":{"line":4,"column":15},"end":{"line":4,"column":71}},"type":"cond-expr","locations":[{"start":{"line":4,"column":55},"end":{"line":4,"column":59}},{"start":{"line":4,"column":62},"end":{"line":4,"column":71}}],"line":4}},"s":{"0":3,"1":1,"2":3},"f":{"0":1},"b":{"0":[1,0],"1":[1,0],"2":[0,1]},"_coverageSchema":"1a1c01bbd47fc00a2c39e90264f33305004495a9","hash":"bfc950bd15b84310aa3ae47f891842467ec2b422"}
,"C:\\Data\\Code\\Express\\ECommerce-ExpressJs-Solution-main\\Express\\models\\hotel.js": {"path":"C:\\Data\\Code\\Express\\ECommerce-ExpressJs-Solution-main\\Express\\models\\hotel.js","statementMap":{"0":{"start":{"line":1,"column":17},"end":{"line":1,"column":36}},"1":{"start":{"line":4,"column":24},"end":{"line":9,"column":1}},"2":{"start":{"line":5,"column":26},"end":{"line":5,"column":80}},"3":{"start":{"line":6,"column":4},"end":{"line":8,"column":5}},"4":{"start":{"line":7,"column":8},"end":{"line":7,"column":53}},"5":{"start":{"line":12,"column":20},"end":{"line":44,"column":24}},"6":{"start":{"line":34,"column":16},"end":{"line":34,"column":35}},"7":{"start":{"line":47,"column":14},"end":{"line":47,"column":50}},"8":{"start":{"line":49,"column":0},"end":{"line":49,"column":23}}},"fnMap":{"0":{"name":"(anonymous_0)","decl":{"start":{"line":4,"column":24},"end":{"line":4,"column":25}},"loc":{"start":{"line":4,"column":47},"end":{"line":9,"column":1}},"line":4},"1":{"name":"(anonymous_1)","decl":{"start":{"line":33,"column":23},"end":{"line":33,"column":24}},"loc":{"start":{"line":33,"column":40},"end":{"line":35,"column":13}},"line":33}},"branchMap":{"0":{"loc":{"start":{"line":6,"column":4},"end":{"line":8,"column":5}},"type":"if","locations":[{"start":{"line":6,"column":4},"end":{"line":8,"column":5}},{"start":{},"end":{}}],"line":6}},"s":{"0":4,"1":4,"2":18,"3":18,"4":0,"5":4,"6":19,"7":4,"8":4},"f":{"0":18,"1":19},"b":{"0":[0,18]},"_coverageSchema":"1a1c01bbd47fc00a2c39e90264f33305004495a9","hash":"a0c4bc94fe701a1950721ddedf95ab4d6737f41e"}
,"C:\\Data\\Code\\Express\\ECommerce-ExpressJs-Solution-main\\Express\\routes\\hotelRoutes.js": {"path":"C:\\Data\\Code\\Express\\ECommerce-ExpressJs-Solution-main\\Express\\routes\\hotelRoutes.js","statementMap":{"0":{"start":{"line":1,"column":16},"end":{"line":1,"column":34}},"1":{"start":{"line":2,"column":15},"end":{"line":2,"column":31}},"2":{"start":{"line":3,"column":24},"end":{"line":3,"column":65}},"3":{"start":{"line":6,"column":0},"end":{"line":6,"column":52}},"4":{"start":{"line":9,"column":0},"end":{"line":9,"column":52}},"5":{"start":{"line":12,"column":0},"end":{"line":12,"column":61}},"6":{"start":{"line":15,"column":0},"end":{"line":15,"column":63}},"7":{"start":{"line":17,"column":0},"end":{"line":17,"column":24}}},"fnMap":{},"branchMap":{},"s":{"0":3,"1":3,"2":3,"3":3,"4":3,"5":3,"6":3,"7":3},"f":{},"b":{},"_coverageSchema":"1a1c01bbd47fc00a2c39e90264f33305004495a9","hash":"f73fd6d05f57c229d9f20add39913e185eee0582"}
}
