TN:
SF:app.js
FNF:0
FNH:0
DA:1,3
DA:2,3
DA:3,3
DA:4,3
DA:5,3
DA:6,3
DA:7,3
DA:8,3
DA:10,3
DA:12,3
DA:13,3
DA:14,3
DA:15,3
DA:16,3
DA:17,3
DA:20,3
DA:23,3
DA:25,3
LF:18
LH:18
BRF:0
BRH:0
end_of_record
TN:
SF:controllers\hotelController.js
FN:4,(anonymous_0)
FN:20,(anonymous_1)
FN:30,(anonymous_2)
FN:43,(anonymous_3)
FNF:4
FNH:4
FNDA:2,(anonymous_0)
FNDA:2,(anonymous_1)
FNDA:4,(anonymous_2)
FNDA:4,(anonymous_3)
DA:1,3
DA:4,3
DA:5,2
DA:6,2
DA:8,2
DA:11,2
DA:13,2
DA:15,0
DA:20,3
DA:21,2
DA:22,2
DA:23,2
DA:25,0
DA:30,3
DA:31,4
DA:32,4
DA:33,4
DA:34,2
DA:36,2
DA:38,0
DA:43,3
DA:44,4
DA:45,4
DA:46,4
DA:47,2
DA:49,2
DA:51,0
DA:55,3
LF:28
LH:24
BRDA:33,0,0,2
BRDA:33,0,1,2
BRDA:46,1,0,2
BRDA:46,1,1,2
BRF:4
BRH:4
end_of_record
TN:
SF:middleware\errorHandler.js
FN:1,(anonymous_0)
FNF:1
FNH:1
FNDA:1,(anonymous_0)
DA:1,3
DA:2,1
DA:8,3
LF:3
LH:3
BRDA:2,0,0,1
BRDA:2,0,1,0
BRDA:3,1,0,1
BRDA:3,1,1,0
BRDA:4,2,0,0
BRDA:4,2,1,1
BRF:6
BRH:3
end_of_record
TN:
SF:models\hotel.js
FN:4,(anonymous_0)
FN:33,(anonymous_1)
FNF:2
FNH:2
FNDA:18,(anonymous_0)
FNDA:19,(anonymous_1)
DA:1,4
DA:4,4
DA:5,18
DA:6,18
DA:7,0
DA:12,4
DA:34,19
DA:47,4
DA:49,4
LF:9
LH:8
BRDA:6,0,0,0
BRDA:6,0,1,18
BRF:2
BRH:1
end_of_record
TN:
SF:routes\hotelRoutes.js
FNF:0
FNH:0
DA:1,3
DA:2,3
DA:3,3
DA:6,3
DA:9,3
DA:12,3
DA:15,3
DA:17,3
LF:8
LH:8
BRF:0
BRH:0
end_of_record
